<?xml version="1.0" encoding="UTF-8"?>
<testsuite xmlns:xsi="http://www.w3.org/2001/XMLSchema-instance" xsi:noNamespaceSchemaLocation="https://maven.apache.org/surefire/maven-surefire-plugin/xsd/surefire-test-report-3.0.xsd" version="3.0" name="QuickChatAppTests.MessageServiceTest" time="0.092" tests="11" errors="0" skipped="0" failures="0">
  <properties>
[...]
</properties>
  <testcase name="testTotalMessagesReturned" classname="QuickChatAppTests.MessageServiceTest" time="0.047"/>
  <testcase name="testMessageSentOption" classname="QuickChatAppTests.MessageServiceTest" time="0.003"/>
  <testcase name="testRecipientNumberCorrectlyFormatted_assertEquals" classname="QuickChatAppTests.MessageServiceTest" time="0.002"/>
  <testcase name="testMessageHashCorrect_assertEquals" classname="QuickChatAppTests.MessageServiceTest" time="0.008"/>
  <testcase name="testMessageHashLoop" classname="QuickChatAppTests.MessageServiceTest" time="0.002"/>
  <testcase name="testMessageStoreOption" classname="QuickChatAppTests.MessageServiceTest" time="0.003"/>
  <testcase name="testMessageDisregardOption" classname="QuickChatAppTests.MessageServiceTest" time="0.003"/>
  <testcase name="testMessageIDCreated_assertEquals" classname="QuickChatAppTests.MessageServiceTest" time="0.006"/>
  <testcase name="testMessageLengthSuccess_assertEquals" classname="QuickChatAppTests.MessageServiceTest" time="0.002"/>
  <testcase name="testMessageLengthFailure_assertEquals" classname="QuickChatAppTests.MessageServiceTest" time="0.003"/>
  <testcase name="testRecipientNumberIncorrectlyFormatted_assertEquals" classname="QuickChatAppTests.MessageServiceTest" time="0.002"/>
</testsuite>